<?xml version="1.0" encoding="utf-8"?><testsuites name="pytest tests"><testsuite name="pytest" errors="0" failures="0" skipped="0" tests="22" time="8.617" timestamp="2026-03-09T04:18:04.129323+00:00" hostname="agent-env-612508cf-96ae-4918-9741-25e1302df8c1"><testcase classname="backend.tests.test_api_comprehensive.TestPublicServices" name="test_get_all_services_returns_6" time="0.322" /><testcase classname="backend.tests.test_api_comprehensive.TestPublicServices" name="test_get_virtual_services_returns_3" time="0.237" /><testcase classname="backend.tests.test_api_comprehensive.TestPublicServices" name="test_get_inperson_services_returns_3" time="0.239" /><testcase classname="backend.tests.test_api_comprehensive.TestApplications" name="test_create_application_with_status_new" time="0.244" /><testcase classname="backend.tests.test_api_comprehensive.TestSubmissions" name="test_submission_review_feedback_client_rate" time="1.023" /><testcase classname="backend.tests.test_api_comprehensive.TestSubmissions" name="test_submission_review_feedback_nonclient_rate" time="1.017" /><testcase classname="backend.tests.test_api_comprehensive.TestFreeSubmissions" name="test_free_submission_only_for_existing_client" time="0.516" /><testcase classname="backend.tests.test_api_comprehensive.TestFreeSubmissions" name="test_free_submission_rejects_non_client" time="0.381" /><testcase classname="backend.tests.test_api_comprehensive.TestPriceCalculation" name="test_calculate_price_virtual_upgrade" time="0.484" /><testcase classname="backend.tests.test_api_comprehensive.TestAuthentication" name="test_login_with_correct_credentials" time="0.139" /><testcase classname="backend.tests.test_api_comprehensive.TestAuthentication" name="test_login_with_wrong_credentials" time="0.136" /><testcase classname="backend.tests.test_api_comprehensive.TestAdminEndpoints" name="test_admin_stats" time="0.419" /><testcase classname="backend.tests.test_api_comprehensive.TestAdminEndpoints" name="test_admin_stats_unauthorized" time="0.301" /><testcase classname="backend.tests.test_api_comprehensive.TestAdminEndpoints" name="test_admin_applications_list" time="0.369" /><testcase classname="backend.tests.test_api_comprehensive.TestAdminEndpoints" name="test_admin_submissions_list" time="0.394" /><testcase classname="backend.tests.test_api_comprehensive.TestAdminEndpoints" name="test_admin_queue" time="0.378" /><testcase classname="backend.tests.test_api_comprehensive.TestAdminEndpoints" name="test_admin_services" time="0.418" /><testcase classname="backend.tests.test_api_comprehensive.TestAdminEndpoints" name="test_admin_recent_activity" time="0.368" /><testcase classname="backend.tests.test_api_comprehensive.TestAdminEndpoints" name="test_patch_application_status" time="0.673" /><testcase classname="backend.tests.test_api_comprehensive.TestPayments" name="test_create_order_returns_mock_order_id" time="0.184" /><testcase classname="backend.tests.test_api_comprehensive.TestPayments" name="test_capture_order_returns_mock_txn_id" time="0.140" /><testcase classname="backend.tests.test_api_comprehensive.TestContact" name="test_contact_returns_success" time="0.150" /></testsuite></testsuites>